2023-07-23 17:55:41.487 [] [main] INFO  c.example.logger.LoggerApplication - Starting LoggerApplication using Java 17.0.4.1 with PID 12272 (F:\TestOps\logger\target\classes started by BHAVANSH in F:\TestOps\logger)
2023-07-23 17:55:41.492 [] [main] INFO  c.example.logger.LoggerApplication - No active profile set, falling back to 1 default profile: "default"
2023-07-23 17:55:42.575 [] [main] INFO  o.s.b.w.e.tomcat.TomcatWebServer - Tomcat initialized with port(s): 8081 (http)
2023-07-23 17:55:42.595 [] [main] INFO  o.a.catalina.core.StandardService - Starting service [Tomcat]
2023-07-23 17:55:42.595 [] [main] INFO  o.a.catalina.core.StandardEngine - Starting Servlet engine: [Apache Tomcat/10.1.11]
2023-07-23 17:55:42.696 [] [main] INFO  o.a.c.c.C.[Tomcat].[localhost].[/] - Initializing Spring embedded WebApplicationContext
2023-07-23 17:55:42.697 [] [main] INFO  o.s.b.w.s.c.ServletWebServerApplicationContext - Root WebApplicationContext: initialization completed in 1105 ms
2023-07-23 17:55:43.120 [] [main] INFO  o.s.b.w.e.tomcat.TomcatWebServer - Tomcat started on port(s): 8081 (http) with context path ''
2023-07-23 17:55:43.128 [] [main] INFO  c.example.logger.LoggerApplication - Started LoggerApplication in 2.591 seconds (process running for 3.703)
2023-07-23 17:56:18.083 [] [http-nio-8081-exec-1] INFO  o.a.c.c.C.[Tomcat].[localhost].[/] - Initializing Spring DispatcherServlet 'dispatcherServlet'
2023-07-23 17:56:18.083 [] [http-nio-8081-exec-1] INFO  o.s.web.servlet.DispatcherServlet - Initializing Servlet 'dispatcherServlet'
2023-07-23 17:56:18.084 [] [http-nio-8081-exec-1] INFO  o.s.web.servlet.DispatcherServlet - Completed initialization in 1 ms
2023-07-23 17:56:18.124 [d084cef3-47c2-4e54-b296-9071381b8029] [http-nio-8081-exec-1] INFO  com.example.logger.LogController - This is an INFO level message.
2023-07-23 17:56:18.124 [d084cef3-47c2-4e54-b296-9071381b8029] [http-nio-8081-exec-1] WARN  com.example.logger.LogController - This is a WARN level message.
2023-07-23 17:56:18.124 [d084cef3-47c2-4e54-b296-9071381b8029] [http-nio-8081-exec-1] ERROR com.example.logger.LogController - This is an ERROR level message.
2023-07-23 17:56:19.335 [d2950f54-40f7-475a-b1aa-ed38e723ddf2] [http-nio-8081-exec-5] INFO  com.example.logger.LogController - This is an INFO level message.
2023-07-23 17:56:19.336 [d2950f54-40f7-475a-b1aa-ed38e723ddf2] [http-nio-8081-exec-5] WARN  com.example.logger.LogController - This is a WARN level message.
2023-07-23 17:56:19.336 [d2950f54-40f7-475a-b1aa-ed38e723ddf2] [http-nio-8081-exec-5] ERROR com.example.logger.LogController - This is an ERROR level message.
2023-07-23 17:56:22.972 [7d64ce92-b241-4269-a044-a0964f9684e8] [http-nio-8081-exec-4] INFO  com.example.logger.LogController - This is an INFO level message.
2023-07-23 17:56:22.972 [7d64ce92-b241-4269-a044-a0964f9684e8] [http-nio-8081-exec-4] WARN  com.example.logger.LogController - This is a WARN level message.
2023-07-23 17:56:22.974 [7d64ce92-b241-4269-a044-a0964f9684e8] [http-nio-8081-exec-4] ERROR com.example.logger.LogController - This is an ERROR level message.
2023-07-23 17:56:23.446 [1749fadd-758c-4153-804a-608ef02ecf7a] [http-nio-8081-exec-7] INFO  com.example.logger.LogController - This is an INFO level message.
2023-07-23 17:56:23.447 [1749fadd-758c-4153-804a-608ef02ecf7a] [http-nio-8081-exec-7] WARN  com.example.logger.LogController - This is a WARN level message.
2023-07-23 17:56:23.447 [1749fadd-758c-4153-804a-608ef02ecf7a] [http-nio-8081-exec-7] ERROR com.example.logger.LogController - This is an ERROR level message.
2023-07-23 17:56:23.824 [21d37692-6254-4a98-83d6-ae0b5e7a22d8] [http-nio-8081-exec-10] INFO  com.example.logger.LogController - This is an INFO level message.
2023-07-23 17:56:23.825 [21d37692-6254-4a98-83d6-ae0b5e7a22d8] [http-nio-8081-exec-10] WARN  com.example.logger.LogController - This is a WARN level message.
2023-07-23 17:56:23.826 [21d37692-6254-4a98-83d6-ae0b5e7a22d8] [http-nio-8081-exec-10] ERROR com.example.logger.LogController - This is an ERROR level message.
2023-07-23 17:56:24.123 [30d825d2-c614-4e0d-b78a-a43244c9e1c5] [http-nio-8081-exec-2] INFO  com.example.logger.LogController - This is an INFO level message.
2023-07-23 17:56:24.125 [30d825d2-c614-4e0d-b78a-a43244c9e1c5] [http-nio-8081-exec-2] WARN  com.example.logger.LogController - This is a WARN level message.
2023-07-23 17:56:24.125 [30d825d2-c614-4e0d-b78a-a43244c9e1c5] [http-nio-8081-exec-2] ERROR com.example.logger.LogController - This is an ERROR level message.
2023-07-23 17:56:24.317 [674c089b-92c7-406d-a633-c1e92eab2f72] [http-nio-8081-exec-8] INFO  com.example.logger.LogController - This is an INFO level message.
2023-07-23 17:56:24.317 [674c089b-92c7-406d-a633-c1e92eab2f72] [http-nio-8081-exec-8] WARN  com.example.logger.LogController - This is a WARN level message.
2023-07-23 17:56:24.317 [674c089b-92c7-406d-a633-c1e92eab2f72] [http-nio-8081-exec-8] ERROR com.example.logger.LogController - This is an ERROR level message.
2023-07-23 17:56:24.525 [a9b77155-66b4-419b-965c-6e19eb3395c8] [http-nio-8081-exec-9] INFO  com.example.logger.LogController - This is an INFO level message.
2023-07-23 17:56:24.525 [a9b77155-66b4-419b-965c-6e19eb3395c8] [http-nio-8081-exec-9] WARN  com.example.logger.LogController - This is a WARN level message.
2023-07-23 17:56:24.525 [a9b77155-66b4-419b-965c-6e19eb3395c8] [http-nio-8081-exec-9] ERROR com.example.logger.LogController - This is an ERROR level message.
2023-07-23 17:56:24.741 [9ef4c1cc-368f-453a-b16e-f28fda158652] [http-nio-8081-exec-6] INFO  com.example.logger.LogController - This is an INFO level message.
2023-07-23 17:56:24.742 [9ef4c1cc-368f-453a-b16e-f28fda158652] [http-nio-8081-exec-6] WARN  com.example.logger.LogController - This is a WARN level message.
2023-07-23 17:56:24.742 [9ef4c1cc-368f-453a-b16e-f28fda158652] [http-nio-8081-exec-6] ERROR com.example.logger.LogController - This is an ERROR level message.
2023-07-23 17:56:24.899 [94ca2b09-31b7-4377-977c-0aff8bfa9960] [http-nio-8081-exec-1] INFO  com.example.logger.LogController - This is an INFO level message.
2023-07-23 17:56:24.900 [94ca2b09-31b7-4377-977c-0aff8bfa9960] [http-nio-8081-exec-1] WARN  com.example.logger.LogController - This is a WARN level message.
2023-07-23 17:56:24.900 [94ca2b09-31b7-4377-977c-0aff8bfa9960] [http-nio-8081-exec-1] ERROR com.example.logger.LogController - This is an ERROR level message.
2023-07-23 17:56:25.061 [2bd17627-755f-45cb-8097-0f2c043a0ea1] [http-nio-8081-exec-3] INFO  com.example.logger.LogController - This is an INFO level message.
2023-07-23 17:56:25.062 [2bd17627-755f-45cb-8097-0f2c043a0ea1] [http-nio-8081-exec-3] WARN  com.example.logger.LogController - This is a WARN level message.
2023-07-23 17:56:25.062 [2bd17627-755f-45cb-8097-0f2c043a0ea1] [http-nio-8081-exec-3] ERROR com.example.logger.LogController - This is an ERROR level message.
2023-07-23 17:56:25.245 [cef1b9c1-6566-4f23-9540-d55360e2966a] [http-nio-8081-exec-5] INFO  com.example.logger.LogController - This is an INFO level message.
2023-07-23 17:56:25.245 [cef1b9c1-6566-4f23-9540-d55360e2966a] [http-nio-8081-exec-5] WARN  com.example.logger.LogController - This is a WARN level message.
2023-07-23 17:56:25.245 [cef1b9c1-6566-4f23-9540-d55360e2966a] [http-nio-8081-exec-5] ERROR com.example.logger.LogController - This is an ERROR level message.
2023-07-23 17:56:26.061 [1d6a2f39-7af8-4959-ad31-407554ff372e] [http-nio-8081-exec-4] INFO  com.example.logger.LogController - This is an INFO level message.
2023-07-23 17:56:26.062 [1d6a2f39-7af8-4959-ad31-407554ff372e] [http-nio-8081-exec-4] WARN  com.example.logger.LogController - This is a WARN level message.
2023-07-23 17:56:26.062 [1d6a2f39-7af8-4959-ad31-407554ff372e] [http-nio-8081-exec-4] ERROR com.example.logger.LogController - This is an ERROR level message.
2023-07-23 17:56:26.276 [9efc0fe5-a176-402c-a2fe-cc4fd2065af3] [http-nio-8081-exec-7] INFO  com.example.logger.LogController - This is an INFO level message.
2023-07-23 17:56:26.277 [9efc0fe5-a176-402c-a2fe-cc4fd2065af3] [http-nio-8081-exec-7] WARN  com.example.logger.LogController - This is a WARN level message.
2023-07-23 17:56:26.277 [9efc0fe5-a176-402c-a2fe-cc4fd2065af3] [http-nio-8081-exec-7] ERROR com.example.logger.LogController - This is an ERROR level message.
2023-07-23 17:56:26.470 [68daa878-44c4-47c1-a305-bada9532cff0] [http-nio-8081-exec-8] INFO  com.example.logger.LogController - This is an INFO level message.
2023-07-23 17:56:26.471 [68daa878-44c4-47c1-a305-bada9532cff0] [http-nio-8081-exec-8] WARN  com.example.logger.LogController - This is a WARN level message.
2023-07-23 17:56:26.472 [68daa878-44c4-47c1-a305-bada9532cff0] [http-nio-8081-exec-8] ERROR com.example.logger.LogController - This is an ERROR level message.
2023-07-23 17:56:26.636 [11f7b715-c377-47f3-96de-9407c82c105a] [http-nio-8081-exec-9] INFO  com.example.logger.LogController - This is an INFO level message.
2023-07-23 17:56:26.637 [11f7b715-c377-47f3-96de-9407c82c105a] [http-nio-8081-exec-9] WARN  com.example.logger.LogController - This is a WARN level message.
2023-07-23 17:56:26.637 [11f7b715-c377-47f3-96de-9407c82c105a] [http-nio-8081-exec-9] ERROR com.example.logger.LogController - This is an ERROR level message.
2023-07-23 17:56:26.845 [0955a8a4-b94f-4651-8a49-cd84f5619d82] [http-nio-8081-exec-6] INFO  com.example.logger.LogController - This is an INFO level message.
2023-07-23 17:56:26.846 [0955a8a4-b94f-4651-8a49-cd84f5619d82] [http-nio-8081-exec-6] WARN  com.example.logger.LogController - This is a WARN level message.
2023-07-23 17:56:26.846 [0955a8a4-b94f-4651-8a49-cd84f5619d82] [http-nio-8081-exec-6] ERROR com.example.logger.LogController - This is an ERROR level message.
2023-07-23 17:56:27.127 [d45cb6b0-4a4c-4fef-95bc-9156531afa6b] [http-nio-8081-exec-1] INFO  com.example.logger.LogController - This is an INFO level message.
2023-07-23 17:56:27.128 [d45cb6b0-4a4c-4fef-95bc-9156531afa6b] [http-nio-8081-exec-1] WARN  com.example.logger.LogController - This is a WARN level message.
2023-07-23 17:56:27.128 [d45cb6b0-4a4c-4fef-95bc-9156531afa6b] [http-nio-8081-exec-1] ERROR com.example.logger.LogController - This is an ERROR level message.
2023-07-23 17:56:27.341 [6df8cefa-8554-4fd3-91bf-3fa1e12cfcbe] [http-nio-8081-exec-3] INFO  com.example.logger.LogController - This is an INFO level message.
2023-07-23 17:56:27.341 [6df8cefa-8554-4fd3-91bf-3fa1e12cfcbe] [http-nio-8081-exec-3] WARN  com.example.logger.LogController - This is a WARN level message.
2023-07-23 17:56:27.341 [6df8cefa-8554-4fd3-91bf-3fa1e12cfcbe] [http-nio-8081-exec-3] ERROR com.example.logger.LogController - This is an ERROR level message.
2023-07-23 17:56:27.533 [240c6370-2369-4fc8-ac10-574e710851a8] [http-nio-8081-exec-5] INFO  com.example.logger.LogController - This is an INFO level message.
2023-07-23 17:56:27.533 [240c6370-2369-4fc8-ac10-574e710851a8] [http-nio-8081-exec-5] WARN  com.example.logger.LogController - This is a WARN level message.
2023-07-23 17:56:27.534 [240c6370-2369-4fc8-ac10-574e710851a8] [http-nio-8081-exec-5] ERROR com.example.logger.LogController - This is an ERROR level message.
2023-07-23 17:56:27.742 [0378fec4-ecfd-4774-a576-35d91e181d4a] [http-nio-8081-exec-4] INFO  com.example.logger.LogController - This is an INFO level message.
2023-07-23 17:56:27.744 [0378fec4-ecfd-4774-a576-35d91e181d4a] [http-nio-8081-exec-4] WARN  com.example.logger.LogController - This is a WARN level message.
2023-07-23 17:56:27.744 [0378fec4-ecfd-4774-a576-35d91e181d4a] [http-nio-8081-exec-4] ERROR com.example.logger.LogController - This is an ERROR level message.
2023-07-23 17:56:27.952 [eed57ead-3e0f-4502-818c-5e99bfcfc7b6] [http-nio-8081-exec-7] INFO  com.example.logger.LogController - This is an INFO level message.
2023-07-23 17:56:27.953 [eed57ead-3e0f-4502-818c-5e99bfcfc7b6] [http-nio-8081-exec-7] WARN  com.example.logger.LogController - This is a WARN level message.
2023-07-23 17:56:27.953 [eed57ead-3e0f-4502-818c-5e99bfcfc7b6] [http-nio-8081-exec-7] ERROR com.example.logger.LogController - This is an ERROR level message.
2023-07-23 17:56:28.135 [8ea74d31-79aa-4a48-a57b-5bc18f326dba] [http-nio-8081-exec-10] INFO  com.example.logger.LogController - This is an INFO level message.
2023-07-23 17:56:28.136 [8ea74d31-79aa-4a48-a57b-5bc18f326dba] [http-nio-8081-exec-10] WARN  com.example.logger.LogController - This is a WARN level message.
2023-07-23 17:56:28.137 [8ea74d31-79aa-4a48-a57b-5bc18f326dba] [http-nio-8081-exec-10] ERROR com.example.logger.LogController - This is an ERROR level message.
2023-07-23 17:56:28.347 [575aeb1d-712d-4388-a3b6-d5241a45942e] [http-nio-8081-exec-2] INFO  com.example.logger.LogController - This is an INFO level message.
2023-07-23 17:56:28.348 [575aeb1d-712d-4388-a3b6-d5241a45942e] [http-nio-8081-exec-2] WARN  com.example.logger.LogController - This is a WARN level message.
2023-07-23 17:56:28.348 [575aeb1d-712d-4388-a3b6-d5241a45942e] [http-nio-8081-exec-2] ERROR com.example.logger.LogController - This is an ERROR level message.
2023-07-23 17:56:28.576 [880716ec-c42d-42f6-a44f-66a52063fa17] [http-nio-8081-exec-8] INFO  com.example.logger.LogController - This is an INFO level message.
2023-07-23 17:56:28.577 [880716ec-c42d-42f6-a44f-66a52063fa17] [http-nio-8081-exec-8] WARN  com.example.logger.LogController - This is a WARN level message.
2023-07-23 17:56:28.577 [880716ec-c42d-42f6-a44f-66a52063fa17] [http-nio-8081-exec-8] ERROR com.example.logger.LogController - This is an ERROR level message.
2023-07-23 17:56:28.777 [8b05d6b3-5550-40c8-af77-3125be6ea049] [http-nio-8081-exec-9] INFO  com.example.logger.LogController - This is an INFO level message.
2023-07-23 17:56:28.777 [8b05d6b3-5550-40c8-af77-3125be6ea049] [http-nio-8081-exec-9] WARN  com.example.logger.LogController - This is a WARN level message.
2023-07-23 17:56:28.777 [8b05d6b3-5550-40c8-af77-3125be6ea049] [http-nio-8081-exec-9] ERROR com.example.logger.LogController - This is an ERROR level message.
2023-07-23 17:56:28.968 [e0eb7399-966d-4591-a579-e47c242a4574] [http-nio-8081-exec-6] INFO  com.example.logger.LogController - This is an INFO level message.
2023-07-23 17:56:28.968 [e0eb7399-966d-4591-a579-e47c242a4574] [http-nio-8081-exec-6] WARN  com.example.logger.LogController - This is a WARN level message.
2023-07-23 17:56:28.968 [e0eb7399-966d-4591-a579-e47c242a4574] [http-nio-8081-exec-6] ERROR com.example.logger.LogController - This is an ERROR level message.
2023-07-23 17:56:29.188 [6db4b927-4d86-49ec-9a57-8e325db507a5] [http-nio-8081-exec-1] INFO  com.example.logger.LogController - This is an INFO level message.
2023-07-23 17:56:29.189 [6db4b927-4d86-49ec-9a57-8e325db507a5] [http-nio-8081-exec-1] WARN  com.example.logger.LogController - This is a WARN level message.
2023-07-23 17:56:29.189 [6db4b927-4d86-49ec-9a57-8e325db507a5] [http-nio-8081-exec-1] ERROR com.example.logger.LogController - This is an ERROR level message.
2023-07-23 17:56:29.379 [845cf335-8f1a-4f7d-985d-c1b0af9d367f] [http-nio-8081-exec-3] INFO  com.example.logger.LogController - This is an INFO level message.
2023-07-23 17:56:29.379 [845cf335-8f1a-4f7d-985d-c1b0af9d367f] [http-nio-8081-exec-3] WARN  com.example.logger.LogController - This is a WARN level message.
2023-07-23 17:56:29.379 [845cf335-8f1a-4f7d-985d-c1b0af9d367f] [http-nio-8081-exec-3] ERROR com.example.logger.LogController - This is an ERROR level message.
2023-07-23 17:56:29.572 [78f8c4cc-336f-46f2-be42-49af65672177] [http-nio-8081-exec-5] INFO  com.example.logger.LogController - This is an INFO level message.
2023-07-23 17:56:29.573 [78f8c4cc-336f-46f2-be42-49af65672177] [http-nio-8081-exec-5] WARN  com.example.logger.LogController - This is a WARN level message.
2023-07-23 17:56:29.573 [78f8c4cc-336f-46f2-be42-49af65672177] [http-nio-8081-exec-5] ERROR com.example.logger.LogController - This is an ERROR level message.
2023-07-23 17:56:29.774 [9a9fee61-fef9-4c4e-a094-e60de0829ed1] [http-nio-8081-exec-4] INFO  com.example.logger.LogController - This is an INFO level message.
2023-07-23 17:56:29.774 [9a9fee61-fef9-4c4e-a094-e60de0829ed1] [http-nio-8081-exec-4] WARN  com.example.logger.LogController - This is a WARN level message.
2023-07-23 17:56:29.774 [9a9fee61-fef9-4c4e-a094-e60de0829ed1] [http-nio-8081-exec-4] ERROR com.example.logger.LogController - This is an ERROR level message.
2023-07-23 17:56:29.970 [cbf1162c-3877-437d-ba32-1608cf95059a] [http-nio-8081-exec-7] INFO  com.example.logger.LogController - This is an INFO level message.
2023-07-23 17:56:29.970 [cbf1162c-3877-437d-ba32-1608cf95059a] [http-nio-8081-exec-7] WARN  com.example.logger.LogController - This is a WARN level message.
2023-07-23 17:56:29.970 [cbf1162c-3877-437d-ba32-1608cf95059a] [http-nio-8081-exec-7] ERROR com.example.logger.LogController - This is an ERROR level message.
2023-07-23 17:56:30.173 [6e653bc7-dc65-4929-9c9b-4ca460744cc3] [http-nio-8081-exec-10] INFO  com.example.logger.LogController - This is an INFO level message.
2023-07-23 17:56:30.173 [6e653bc7-dc65-4929-9c9b-4ca460744cc3] [http-nio-8081-exec-10] WARN  com.example.logger.LogController - This is a WARN level message.
2023-07-23 17:56:30.173 [6e653bc7-dc65-4929-9c9b-4ca460744cc3] [http-nio-8081-exec-10] ERROR com.example.logger.LogController - This is an ERROR level message.
2023-07-23 17:56:30.374 [851bc48f-a04a-4dc8-862a-b095abe4684f] [http-nio-8081-exec-2] INFO  com.example.logger.LogController - This is an INFO level message.
2023-07-23 17:56:30.374 [851bc48f-a04a-4dc8-862a-b095abe4684f] [http-nio-8081-exec-2] WARN  com.example.logger.LogController - This is a WARN level message.
2023-07-23 17:56:30.374 [851bc48f-a04a-4dc8-862a-b095abe4684f] [http-nio-8081-exec-2] ERROR com.example.logger.LogController - This is an ERROR level message.
2023-07-23 17:56:30.584 [201a683b-dcae-456e-b759-b99ce6f7bb02] [http-nio-8081-exec-8] INFO  com.example.logger.LogController - This is an INFO level message.
2023-07-23 17:56:30.585 [201a683b-dcae-456e-b759-b99ce6f7bb02] [http-nio-8081-exec-8] WARN  com.example.logger.LogController - This is a WARN level message.
2023-07-23 17:56:30.585 [201a683b-dcae-456e-b759-b99ce6f7bb02] [http-nio-8081-exec-8] ERROR com.example.logger.LogController - This is an ERROR level message.
2023-07-23 17:56:30.798 [465a3c48-ce97-43cd-8bde-3b2fecb16b5e] [http-nio-8081-exec-9] INFO  com.example.logger.LogController - This is an INFO level message.
2023-07-23 17:56:30.798 [465a3c48-ce97-43cd-8bde-3b2fecb16b5e] [http-nio-8081-exec-9] WARN  com.example.logger.LogController - This is a WARN level message.
2023-07-23 17:56:30.798 [465a3c48-ce97-43cd-8bde-3b2fecb16b5e] [http-nio-8081-exec-9] ERROR com.example.logger.LogController - This is an ERROR level message.
2023-07-23 17:56:31.010 [bd05e61e-a784-4b9f-8e62-6ebadd2b2cc6] [http-nio-8081-exec-6] INFO  com.example.logger.LogController - This is an INFO level message.
2023-07-23 17:56:31.011 [bd05e61e-a784-4b9f-8e62-6ebadd2b2cc6] [http-nio-8081-exec-6] WARN  com.example.logger.LogController - This is a WARN level message.
2023-07-23 17:56:31.011 [bd05e61e-a784-4b9f-8e62-6ebadd2b2cc6] [http-nio-8081-exec-6] ERROR com.example.logger.LogController - This is an ERROR level message.
2023-07-23 17:56:31.220 [20909e22-b0ff-4ab9-949f-89dbf199c01c] [http-nio-8081-exec-1] INFO  com.example.logger.LogController - This is an INFO level message.
2023-07-23 17:56:31.220 [20909e22-b0ff-4ab9-949f-89dbf199c01c] [http-nio-8081-exec-1] WARN  com.example.logger.LogController - This is a WARN level message.
2023-07-23 17:56:31.221 [20909e22-b0ff-4ab9-949f-89dbf199c01c] [http-nio-8081-exec-1] ERROR com.example.logger.LogController - This is an ERROR level message.
2023-07-23 17:56:31.424 [f5b0e6cf-c900-46c2-a083-a79d5ea8e61d] [http-nio-8081-exec-3] INFO  com.example.logger.LogController - This is an INFO level message.
2023-07-23 17:56:31.425 [f5b0e6cf-c900-46c2-a083-a79d5ea8e61d] [http-nio-8081-exec-3] WARN  com.example.logger.LogController - This is a WARN level message.
2023-07-23 17:56:31.425 [f5b0e6cf-c900-46c2-a083-a79d5ea8e61d] [http-nio-8081-exec-3] ERROR com.example.logger.LogController - This is an ERROR level message.
2023-07-23 17:56:31.628 [107f3c56-878e-48f8-99d3-e50b6e5818bd] [http-nio-8081-exec-5] INFO  com.example.logger.LogController - This is an INFO level message.
2023-07-23 17:56:31.629 [107f3c56-878e-48f8-99d3-e50b6e5818bd] [http-nio-8081-exec-5] WARN  com.example.logger.LogController - This is a WARN level message.
2023-07-23 17:56:31.629 [107f3c56-878e-48f8-99d3-e50b6e5818bd] [http-nio-8081-exec-5] ERROR com.example.logger.LogController - This is an ERROR level message.
2023-07-23 17:56:31.830 [d4e45342-7f54-4523-a7e3-84865b1df608] [http-nio-8081-exec-4] INFO  com.example.logger.LogController - This is an INFO level message.
2023-07-23 17:56:31.831 [d4e45342-7f54-4523-a7e3-84865b1df608] [http-nio-8081-exec-4] WARN  com.example.logger.LogController - This is a WARN level message.
2023-07-23 17:56:31.831 [d4e45342-7f54-4523-a7e3-84865b1df608] [http-nio-8081-exec-4] ERROR com.example.logger.LogController - This is an ERROR level message.
2023-07-23 17:56:32.019 [5d346051-5ae6-413a-b742-bbbab1dfdbea] [http-nio-8081-exec-7] INFO  com.example.logger.LogController - This is an INFO level message.
2023-07-23 17:56:32.020 [5d346051-5ae6-413a-b742-bbbab1dfdbea] [http-nio-8081-exec-7] WARN  com.example.logger.LogController - This is a WARN level message.
2023-07-23 17:56:32.020 [5d346051-5ae6-413a-b742-bbbab1dfdbea] [http-nio-8081-exec-7] ERROR com.example.logger.LogController - This is an ERROR level message.
2023-07-23 17:56:32.225 [00786a25-deb8-47c5-af49-05b7ecb6ba44] [http-nio-8081-exec-10] INFO  com.example.logger.LogController - This is an INFO level message.
2023-07-23 17:56:32.226 [00786a25-deb8-47c5-af49-05b7ecb6ba44] [http-nio-8081-exec-10] WARN  com.example.logger.LogController - This is a WARN level message.
2023-07-23 17:56:32.226 [00786a25-deb8-47c5-af49-05b7ecb6ba44] [http-nio-8081-exec-10] ERROR com.example.logger.LogController - This is an ERROR level message.
2023-07-23 17:56:32.415 [5fec097d-4908-49c0-805c-8cb007aa28c3] [http-nio-8081-exec-2] INFO  com.example.logger.LogController - This is an INFO level message.
2023-07-23 17:56:32.417 [5fec097d-4908-49c0-805c-8cb007aa28c3] [http-nio-8081-exec-2] WARN  com.example.logger.LogController - This is a WARN level message.
2023-07-23 17:56:32.417 [5fec097d-4908-49c0-805c-8cb007aa28c3] [http-nio-8081-exec-2] ERROR com.example.logger.LogController - This is an ERROR level message.
2023-07-23 17:56:32.573 [48b860e4-b441-4889-9b34-92a70bf57e84] [http-nio-8081-exec-8] INFO  com.example.logger.LogController - This is an INFO level message.
2023-07-23 17:56:32.573 [48b860e4-b441-4889-9b34-92a70bf57e84] [http-nio-8081-exec-8] WARN  com.example.logger.LogController - This is a WARN level message.
2023-07-23 17:56:32.573 [48b860e4-b441-4889-9b34-92a70bf57e84] [http-nio-8081-exec-8] ERROR com.example.logger.LogController - This is an ERROR level message.
2023-07-23 17:56:32.769 [767759fa-c74d-4b59-bb43-3b6f2ee38242] [http-nio-8081-exec-9] INFO  com.example.logger.LogController - This is an INFO level message.
2023-07-23 17:56:32.769 [767759fa-c74d-4b59-bb43-3b6f2ee38242] [http-nio-8081-exec-9] WARN  com.example.logger.LogController - This is a WARN level message.
2023-07-23 17:56:32.769 [767759fa-c74d-4b59-bb43-3b6f2ee38242] [http-nio-8081-exec-9] ERROR com.example.logger.LogController - This is an ERROR level message.
2023-07-23 17:56:32.950 [acae0fa0-5efe-4ee6-946a-c62287bfb5dc] [http-nio-8081-exec-6] INFO  com.example.logger.LogController - This is an INFO level message.
2023-07-23 17:56:32.951 [acae0fa0-5efe-4ee6-946a-c62287bfb5dc] [http-nio-8081-exec-6] WARN  com.example.logger.LogController - This is a WARN level message.
2023-07-23 17:56:32.951 [acae0fa0-5efe-4ee6-946a-c62287bfb5dc] [http-nio-8081-exec-6] ERROR com.example.logger.LogController - This is an ERROR level message.
2023-07-23 17:56:33.127 [e0e9e413-7d78-4ac0-b3e0-702b134539dc] [http-nio-8081-exec-1] INFO  com.example.logger.LogController - This is an INFO level message.
2023-07-23 17:56:33.127 [e0e9e413-7d78-4ac0-b3e0-702b134539dc] [http-nio-8081-exec-1] WARN  com.example.logger.LogController - This is a WARN level message.
2023-07-23 17:56:33.127 [e0e9e413-7d78-4ac0-b3e0-702b134539dc] [http-nio-8081-exec-1] ERROR com.example.logger.LogController - This is an ERROR level message.
2023-07-23 17:56:33.330 [a4fac654-c9ae-4600-b7ed-46f7000f5681] [http-nio-8081-exec-3] INFO  com.example.logger.LogController - This is an INFO level message.
2023-07-23 17:56:33.330 [a4fac654-c9ae-4600-b7ed-46f7000f5681] [http-nio-8081-exec-3] WARN  com.example.logger.LogController - This is a WARN level message.
2023-07-23 17:56:33.330 [a4fac654-c9ae-4600-b7ed-46f7000f5681] [http-nio-8081-exec-3] ERROR com.example.logger.LogController - This is an ERROR level message.
2023-07-23 17:56:33.529 [e6532473-b38a-42a4-99e6-4649c268283d] [http-nio-8081-exec-5] INFO  com.example.logger.LogController - This is an INFO level message.
2023-07-23 17:56:33.529 [e6532473-b38a-42a4-99e6-4649c268283d] [http-nio-8081-exec-5] WARN  com.example.logger.LogController - This is a WARN level message.
2023-07-23 17:56:33.530 [e6532473-b38a-42a4-99e6-4649c268283d] [http-nio-8081-exec-5] ERROR com.example.logger.LogController - This is an ERROR level message.
2023-07-23 17:56:33.720 [b4f89cf8-cb1e-49ae-83e2-4e0a090c36e3] [http-nio-8081-exec-4] INFO  com.example.logger.LogController - This is an INFO level message.
2023-07-23 17:56:33.720 [b4f89cf8-cb1e-49ae-83e2-4e0a090c36e3] [http-nio-8081-exec-4] WARN  com.example.logger.LogController - This is a WARN level message.
2023-07-23 17:56:33.720 [b4f89cf8-cb1e-49ae-83e2-4e0a090c36e3] [http-nio-8081-exec-4] ERROR com.example.logger.LogController - This is an ERROR level message.
2023-07-23 17:56:33.922 [df1aa68e-c577-4f99-b192-14609edb0ccb] [http-nio-8081-exec-7] INFO  com.example.logger.LogController - This is an INFO level message.
2023-07-23 17:56:33.922 [df1aa68e-c577-4f99-b192-14609edb0ccb] [http-nio-8081-exec-7] WARN  com.example.logger.LogController - This is a WARN level message.
2023-07-23 17:56:33.922 [df1aa68e-c577-4f99-b192-14609edb0ccb] [http-nio-8081-exec-7] ERROR com.example.logger.LogController - This is an ERROR level message.
2023-07-23 17:56:34.073 [4d137c25-eb5b-4e75-b583-ae681a2835bf] [http-nio-8081-exec-10] INFO  com.example.logger.LogController - This is an INFO level message.
2023-07-23 17:56:34.073 [4d137c25-eb5b-4e75-b583-ae681a2835bf] [http-nio-8081-exec-10] WARN  com.example.logger.LogController - This is a WARN level message.
2023-07-23 17:56:34.073 [4d137c25-eb5b-4e75-b583-ae681a2835bf] [http-nio-8081-exec-10] ERROR com.example.logger.LogController - This is an ERROR level message.
2023-07-23 17:56:34.429 [b7fa4a3f-3a72-4177-a071-1a4da43065ed] [http-nio-8081-exec-2] INFO  com.example.logger.LogController - This is an INFO level message.
2023-07-23 17:56:34.429 [b7fa4a3f-3a72-4177-a071-1a4da43065ed] [http-nio-8081-exec-2] WARN  com.example.logger.LogController - This is a WARN level message.
2023-07-23 17:56:34.429 [b7fa4a3f-3a72-4177-a071-1a4da43065ed] [http-nio-8081-exec-2] ERROR com.example.logger.LogController - This is an ERROR level message.
2023-07-23 17:56:39.865 [a6c8a01b-cd8d-4419-9a7b-65f4c4c83a8f] [http-nio-8081-exec-6] INFO  com.example.logger.LogController - This is an INFO level message.
2023-07-23 17:56:39.865 [a6c8a01b-cd8d-4419-9a7b-65f4c4c83a8f] [http-nio-8081-exec-6] WARN  com.example.logger.LogController - This is a WARN level message.
2023-07-23 17:56:39.865 [a6c8a01b-cd8d-4419-9a7b-65f4c4c83a8f] [http-nio-8081-exec-6] ERROR com.example.logger.LogController - This is an ERROR level message.
2023-07-23 17:56:40.049 [bfa445cf-c2f3-4fdc-a638-969bfd206b2c] [http-nio-8081-exec-1] INFO  com.example.logger.LogController - This is an INFO level message.
2023-07-23 17:56:40.050 [bfa445cf-c2f3-4fdc-a638-969bfd206b2c] [http-nio-8081-exec-1] WARN  com.example.logger.LogController - This is a WARN level message.
2023-07-23 17:56:40.050 [bfa445cf-c2f3-4fdc-a638-969bfd206b2c] [http-nio-8081-exec-1] ERROR com.example.logger.LogController - This is an ERROR level message.
2023-07-23 17:56:40.259 [22e42d64-e489-42e8-91f1-2df76006f84a] [http-nio-8081-exec-3] INFO  com.example.logger.LogController - This is an INFO level message.
2023-07-23 17:56:40.259 [22e42d64-e489-42e8-91f1-2df76006f84a] [http-nio-8081-exec-3] WARN  com.example.logger.LogController - This is a WARN level message.
2023-07-23 17:56:40.259 [22e42d64-e489-42e8-91f1-2df76006f84a] [http-nio-8081-exec-3] ERROR com.example.logger.LogController - This is an ERROR level message.
2023-07-23 17:56:40.452 [dd335efc-1767-4083-8042-ccb718b99721] [http-nio-8081-exec-5] INFO  com.example.logger.LogController - This is an INFO level message.
2023-07-23 17:56:40.453 [dd335efc-1767-4083-8042-ccb718b99721] [http-nio-8081-exec-5] WARN  com.example.logger.LogController - This is a WARN level message.
2023-07-23 17:56:40.453 [dd335efc-1767-4083-8042-ccb718b99721] [http-nio-8081-exec-5] ERROR com.example.logger.LogController - This is an ERROR level message.
2023-07-23 17:56:40.650 [bd24d880-0618-41b8-9a98-da071d38233d] [http-nio-8081-exec-4] INFO  com.example.logger.LogController - This is an INFO level message.
2023-07-23 17:56:40.651 [bd24d880-0618-41b8-9a98-da071d38233d] [http-nio-8081-exec-4] WARN  com.example.logger.LogController - This is a WARN level message.
2023-07-23 17:56:40.651 [bd24d880-0618-41b8-9a98-da071d38233d] [http-nio-8081-exec-4] ERROR com.example.logger.LogController - This is an ERROR level message.
2023-07-23 17:56:40.833 [9b6a86df-34f7-462a-aa24-07d0ce3978d3] [http-nio-8081-exec-7] INFO  com.example.logger.LogController - This is an INFO level message.
2023-07-23 17:56:40.834 [9b6a86df-34f7-462a-aa24-07d0ce3978d3] [http-nio-8081-exec-7] WARN  com.example.logger.LogController - This is a WARN level message.
2023-07-23 17:56:40.834 [9b6a86df-34f7-462a-aa24-07d0ce3978d3] [http-nio-8081-exec-7] ERROR com.example.logger.LogController - This is an ERROR level message.
2023-07-23 17:56:40.988 [df650943-0055-48a1-b0cb-d15509009513] [http-nio-8081-exec-10] INFO  com.example.logger.LogController - This is an INFO level message.
2023-07-23 17:56:40.988 [df650943-0055-48a1-b0cb-d15509009513] [http-nio-8081-exec-10] WARN  com.example.logger.LogController - This is a WARN level message.
2023-07-23 17:56:40.988 [df650943-0055-48a1-b0cb-d15509009513] [http-nio-8081-exec-10] ERROR com.example.logger.LogController - This is an ERROR level message.
2023-07-23 17:56:41.174 [fc386eb2-bd8c-4d5f-9d90-ec48b1e74331] [http-nio-8081-exec-2] INFO  com.example.logger.LogController - This is an INFO level message.
2023-07-23 17:56:41.174 [fc386eb2-bd8c-4d5f-9d90-ec48b1e74331] [http-nio-8081-exec-2] WARN  com.example.logger.LogController - This is a WARN level message.
2023-07-23 17:56:41.175 [fc386eb2-bd8c-4d5f-9d90-ec48b1e74331] [http-nio-8081-exec-2] ERROR com.example.logger.LogController - This is an ERROR level message.
2023-07-23 17:56:41.346 [f1fc1ee2-efd2-4312-b0a2-171c239c0847] [http-nio-8081-exec-8] INFO  com.example.logger.LogController - This is an INFO level message.
2023-07-23 17:56:41.347 [f1fc1ee2-efd2-4312-b0a2-171c239c0847] [http-nio-8081-exec-8] WARN  com.example.logger.LogController - This is a WARN level message.
2023-07-23 17:56:41.347 [f1fc1ee2-efd2-4312-b0a2-171c239c0847] [http-nio-8081-exec-8] ERROR com.example.logger.LogController - This is an ERROR level message.
2023-07-23 17:56:41.558 [16469267-4a7b-4b3a-adc1-c812b0dfe258] [http-nio-8081-exec-9] INFO  com.example.logger.LogController - This is an INFO level message.
2023-07-23 17:56:41.559 [16469267-4a7b-4b3a-adc1-c812b0dfe258] [http-nio-8081-exec-9] WARN  com.example.logger.LogController - This is a WARN level message.
2023-07-23 17:56:41.559 [16469267-4a7b-4b3a-adc1-c812b0dfe258] [http-nio-8081-exec-9] ERROR com.example.logger.LogController - This is an ERROR level message.
2023-07-23 17:56:41.739 [3bd4f9da-f4d6-45c7-a4de-8b9bbe4ea12f] [http-nio-8081-exec-6] INFO  com.example.logger.LogController - This is an INFO level message.
2023-07-23 17:56:41.739 [3bd4f9da-f4d6-45c7-a4de-8b9bbe4ea12f] [http-nio-8081-exec-6] WARN  com.example.logger.LogController - This is a WARN level message.
2023-07-23 17:56:41.739 [3bd4f9da-f4d6-45c7-a4de-8b9bbe4ea12f] [http-nio-8081-exec-6] ERROR com.example.logger.LogController - This is an ERROR level message.
2023-07-23 17:56:41.921 [3a2013ab-5ac9-4ee2-a79f-9cf3389df0e5] [http-nio-8081-exec-1] INFO  com.example.logger.LogController - This is an INFO level message.
2023-07-23 17:56:41.923 [3a2013ab-5ac9-4ee2-a79f-9cf3389df0e5] [http-nio-8081-exec-1] WARN  com.example.logger.LogController - This is a WARN level message.
2023-07-23 17:56:41.923 [3a2013ab-5ac9-4ee2-a79f-9cf3389df0e5] [http-nio-8081-exec-1] ERROR com.example.logger.LogController - This is an ERROR level message.
2023-07-23 17:56:42.098 [aebe874c-7542-45b6-9b2d-d05ace6ea192] [http-nio-8081-exec-3] INFO  com.example.logger.LogController - This is an INFO level message.
2023-07-23 17:56:42.098 [aebe874c-7542-45b6-9b2d-d05ace6ea192] [http-nio-8081-exec-3] WARN  com.example.logger.LogController - This is a WARN level message.
2023-07-23 17:56:42.098 [aebe874c-7542-45b6-9b2d-d05ace6ea192] [http-nio-8081-exec-3] ERROR com.example.logger.LogController - This is an ERROR level message.
2023-07-23 17:56:44.726 [8e436a2a-c357-4d90-8c10-7f31c0230d46] [http-nio-8081-exec-5] INFO  com.example.logger.LogController - This is an INFO level message.
2023-07-23 17:56:44.726 [8e436a2a-c357-4d90-8c10-7f31c0230d46] [http-nio-8081-exec-5] WARN  com.example.logger.LogController - This is a WARN level message.
2023-07-23 17:56:44.726 [8e436a2a-c357-4d90-8c10-7f31c0230d46] [http-nio-8081-exec-5] ERROR com.example.logger.LogController - This is an ERROR level message.
2023-07-23 17:56:44.924 [50e2f9be-39d9-4d18-a7b0-c081a71c9ebd] [http-nio-8081-exec-4] INFO  com.example.logger.LogController - This is an INFO level message.
2023-07-23 17:56:44.924 [50e2f9be-39d9-4d18-a7b0-c081a71c9ebd] [http-nio-8081-exec-4] WARN  com.example.logger.LogController - This is a WARN level message.
2023-07-23 17:56:44.924 [50e2f9be-39d9-4d18-a7b0-c081a71c9ebd] [http-nio-8081-exec-4] ERROR com.example.logger.LogController - This is an ERROR level message.
2023-07-23 17:56:45.149 [4e8f473f-5ff8-438e-a7e7-1f498d4f8a41] [http-nio-8081-exec-7] INFO  com.example.logger.LogController - This is an INFO level message.
2023-07-23 17:56:45.149 [4e8f473f-5ff8-438e-a7e7-1f498d4f8a41] [http-nio-8081-exec-7] WARN  com.example.logger.LogController - This is a WARN level message.
2023-07-23 17:56:45.149 [4e8f473f-5ff8-438e-a7e7-1f498d4f8a41] [http-nio-8081-exec-7] ERROR com.example.logger.LogController - This is an ERROR level message.
2023-07-23 17:56:45.331 [7ecf5196-5d66-4dfa-ba93-bd409c5eb438] [http-nio-8081-exec-10] INFO  com.example.logger.LogController - This is an INFO level message.
2023-07-23 17:56:45.331 [7ecf5196-5d66-4dfa-ba93-bd409c5eb438] [http-nio-8081-exec-10] WARN  com.example.logger.LogController - This is a WARN level message.
2023-07-23 17:56:45.331 [7ecf5196-5d66-4dfa-ba93-bd409c5eb438] [http-nio-8081-exec-10] ERROR com.example.logger.LogController - This is an ERROR level message.
2023-07-23 17:56:45.673 [62c734df-ea23-4804-9f99-19a3cdda1579] [http-nio-8081-exec-2] INFO  com.example.logger.LogController - This is an INFO level message.
2023-07-23 17:56:45.673 [62c734df-ea23-4804-9f99-19a3cdda1579] [http-nio-8081-exec-2] WARN  com.example.logger.LogController - This is a WARN level message.
2023-07-23 17:56:45.673 [62c734df-ea23-4804-9f99-19a3cdda1579] [http-nio-8081-exec-2] ERROR com.example.logger.LogController - This is an ERROR level message.
2023-07-23 17:56:45.879 [6e173db4-1422-483f-91cf-9de9f2b8c6d0] [http-nio-8081-exec-8] INFO  com.example.logger.LogController - This is an INFO level message.
2023-07-23 17:56:45.881 [6e173db4-1422-483f-91cf-9de9f2b8c6d0] [http-nio-8081-exec-8] WARN  com.example.logger.LogController - This is a WARN level message.
2023-07-23 17:56:45.881 [6e173db4-1422-483f-91cf-9de9f2b8c6d0] [http-nio-8081-exec-8] ERROR com.example.logger.LogController - This is an ERROR level message.
2023-07-23 17:57:51.401 [] [main] INFO  c.example.logger.LoggerApplication - Starting LoggerApplication using Java 17.0.4.1 with PID 25104 (F:\TestOps\logger\target\classes started by BHAVANSH in F:\TestOps\logger)
2023-07-23 17:57:51.405 [] [main] INFO  c.example.logger.LoggerApplication - No active profile set, falling back to 1 default profile: "default"
2023-07-23 17:57:52.476 [] [main] INFO  o.s.b.w.e.tomcat.TomcatWebServer - Tomcat initialized with port(s): 8081 (http)
2023-07-23 17:57:52.489 [] [main] INFO  o.a.catalina.core.StandardService - Starting service [Tomcat]
2023-07-23 17:57:52.489 [] [main] INFO  o.a.catalina.core.StandardEngine - Starting Servlet engine: [Apache Tomcat/10.1.11]
2023-07-23 17:57:52.598 [] [main] INFO  o.a.c.c.C.[Tomcat].[localhost].[/] - Initializing Spring embedded WebApplicationContext
2023-07-23 17:57:52.599 [] [main] INFO  o.s.b.w.s.c.ServletWebServerApplicationContext - Root WebApplicationContext: initialization completed in 1117 ms
2023-07-23 17:57:53.001 [] [main] INFO  o.s.b.w.e.tomcat.TomcatWebServer - Tomcat started on port(s): 8081 (http) with context path ''
2023-07-23 17:57:53.009 [] [main] INFO  c.example.logger.LoggerApplication - Started LoggerApplication in 2.281 seconds (process running for 3.074)
2023-07-23 17:57:57.802 [] [http-nio-8081-exec-1] INFO  o.a.c.c.C.[Tomcat].[localhost].[/] - Initializing Spring DispatcherServlet 'dispatcherServlet'
2023-07-23 17:57:57.802 [] [http-nio-8081-exec-1] INFO  o.s.web.servlet.DispatcherServlet - Initializing Servlet 'dispatcherServlet'
2023-07-23 17:57:57.803 [] [http-nio-8081-exec-1] INFO  o.s.web.servlet.DispatcherServlet - Completed initialization in 1 ms
2023-07-23 17:57:57.839 [5de5096b-a3da-4262-a8ac-d0e1d6162f05] [http-nio-8081-exec-1] INFO  com.example.logger.LogController - This is an INFO level message.
2023-07-23 17:57:57.839 [5de5096b-a3da-4262-a8ac-d0e1d6162f05] [http-nio-8081-exec-1] WARN  com.example.logger.LogController - This is a WARN level message.
2023-07-23 17:57:57.839 [5de5096b-a3da-4262-a8ac-d0e1d6162f05] [http-nio-8081-exec-1] ERROR com.example.logger.LogController - This is an ERROR level message.
2023-07-23 17:57:58.330 [bd32ae7e-e2f5-4fb4-ab58-aeecc6334a3a] [http-nio-8081-exec-3] INFO  com.example.logger.LogController - This is an INFO level message.
2023-07-23 17:57:58.331 [bd32ae7e-e2f5-4fb4-ab58-aeecc6334a3a] [http-nio-8081-exec-3] WARN  com.example.logger.LogController - This is a WARN level message.
2023-07-23 17:57:58.332 [bd32ae7e-e2f5-4fb4-ab58-aeecc6334a3a] [http-nio-8081-exec-3] ERROR com.example.logger.LogController - This is an ERROR level message.
2023-07-23 17:57:58.794 [b626e530-24a4-45ef-af64-f8b20077fae2] [http-nio-8081-exec-5] INFO  com.example.logger.LogController - This is an INFO level message.
2023-07-23 17:57:58.796 [b626e530-24a4-45ef-af64-f8b20077fae2] [http-nio-8081-exec-5] WARN  com.example.logger.LogController - This is a WARN level message.
2023-07-23 17:57:58.796 [b626e530-24a4-45ef-af64-f8b20077fae2] [http-nio-8081-exec-5] ERROR com.example.logger.LogController - This is an ERROR level message.
2023-07-23 17:57:59.203 [a6709025-63b8-40e4-b1c1-ab8197c07768] [http-nio-8081-exec-4] INFO  com.example.logger.LogController - This is an INFO level message.
2023-07-23 17:57:59.204 [a6709025-63b8-40e4-b1c1-ab8197c07768] [http-nio-8081-exec-4] WARN  com.example.logger.LogController - This is a WARN level message.
2023-07-23 17:57:59.204 [a6709025-63b8-40e4-b1c1-ab8197c07768] [http-nio-8081-exec-4] ERROR com.example.logger.LogController - This is an ERROR level message.
2023-07-23 17:57:59.544 [08eab270-9994-4c43-989a-520c5286084c] [http-nio-8081-exec-10] INFO  com.example.logger.LogController - This is an INFO level message.
2023-07-23 17:57:59.545 [08eab270-9994-4c43-989a-520c5286084c] [http-nio-8081-exec-10] WARN  com.example.logger.LogController - This is a WARN level message.
2023-07-23 17:57:59.545 [08eab270-9994-4c43-989a-520c5286084c] [http-nio-8081-exec-10] ERROR com.example.logger.LogController - This is an ERROR level message.
2023-07-23 17:57:59.876 [af4fc354-2a24-482a-9072-9398e99c087b] [http-nio-8081-exec-6] INFO  com.example.logger.LogController - This is an INFO level message.
2023-07-23 17:57:59.877 [af4fc354-2a24-482a-9072-9398e99c087b] [http-nio-8081-exec-6] WARN  com.example.logger.LogController - This is a WARN level message.
2023-07-23 17:57:59.877 [af4fc354-2a24-482a-9072-9398e99c087b] [http-nio-8081-exec-6] ERROR com.example.logger.LogController - This is an ERROR level message.
2023-07-23 17:58:00.103 [12dd2056-64fa-4519-95e1-491093f35253] [http-nio-8081-exec-7] INFO  com.example.logger.LogController - This is an INFO level message.
2023-07-23 17:58:00.103 [12dd2056-64fa-4519-95e1-491093f35253] [http-nio-8081-exec-7] WARN  com.example.logger.LogController - This is a WARN level message.
2023-07-23 17:58:00.103 [12dd2056-64fa-4519-95e1-491093f35253] [http-nio-8081-exec-7] ERROR com.example.logger.LogController - This is an ERROR level message.
2023-07-23 17:58:00.312 [79726fd9-d12e-4198-9206-37d3685e6dcf] [http-nio-8081-exec-8] INFO  com.example.logger.LogController - This is an INFO level message.
2023-07-23 17:58:00.313 [79726fd9-d12e-4198-9206-37d3685e6dcf] [http-nio-8081-exec-8] WARN  com.example.logger.LogController - This is a WARN level message.
2023-07-23 17:58:00.314 [79726fd9-d12e-4198-9206-37d3685e6dcf] [http-nio-8081-exec-8] ERROR com.example.logger.LogController - This is an ERROR level message.
2023-07-23 17:58:00.486 [04aa2f8d-d240-45d1-96c5-4e5485f6d399] [http-nio-8081-exec-9] INFO  com.example.logger.LogController - This is an INFO level message.
2023-07-23 17:58:00.487 [04aa2f8d-d240-45d1-96c5-4e5485f6d399] [http-nio-8081-exec-9] WARN  com.example.logger.LogController - This is a WARN level message.
2023-07-23 17:58:00.488 [04aa2f8d-d240-45d1-96c5-4e5485f6d399] [http-nio-8081-exec-9] ERROR com.example.logger.LogController - This is an ERROR level message.
2023-07-23 17:58:01.149 [84cea776-e3b9-45dd-9928-7647b2b0ec26] [http-nio-8081-exec-2] INFO  com.example.logger.LogController - This is an INFO level message.
2023-07-23 17:58:01.150 [84cea776-e3b9-45dd-9928-7647b2b0ec26] [http-nio-8081-exec-2] WARN  com.example.logger.LogController - This is a WARN level message.
2023-07-23 17:58:01.150 [84cea776-e3b9-45dd-9928-7647b2b0ec26] [http-nio-8081-exec-2] ERROR com.example.logger.LogController - This is an ERROR level message.
2023-07-23 17:58:01.351 [29aec17c-d880-453d-9109-039efe7dbfb2] [http-nio-8081-exec-1] INFO  com.example.logger.LogController - This is an INFO level message.
2023-07-23 17:58:01.352 [29aec17c-d880-453d-9109-039efe7dbfb2] [http-nio-8081-exec-1] WARN  com.example.logger.LogController - This is a WARN level message.
2023-07-23 17:58:01.352 [29aec17c-d880-453d-9109-039efe7dbfb2] [http-nio-8081-exec-1] ERROR com.example.logger.LogController - This is an ERROR level message.
2023-07-23 17:58:01.546 [8dccd55b-dba6-4128-a96d-44edfb428ad1] [http-nio-8081-exec-4] INFO  com.example.logger.LogController - This is an INFO level message.
2023-07-23 17:58:01.547 [8dccd55b-dba6-4128-a96d-44edfb428ad1] [http-nio-8081-exec-4] WARN  com.example.logger.LogController - This is a WARN level message.
2023-07-23 17:58:01.547 [8dccd55b-dba6-4128-a96d-44edfb428ad1] [http-nio-8081-exec-4] ERROR com.example.logger.LogController - This is an ERROR level message.
2023-07-23 17:58:01.722 [cead7d5b-2c31-472e-b95f-5e16af1c7534] [http-nio-8081-exec-10] INFO  com.example.logger.LogController - This is an INFO level message.
2023-07-23 17:58:01.723 [cead7d5b-2c31-472e-b95f-5e16af1c7534] [http-nio-8081-exec-10] WARN  com.example.logger.LogController - This is a WARN level message.
2023-07-23 17:58:01.724 [cead7d5b-2c31-472e-b95f-5e16af1c7534] [http-nio-8081-exec-10] ERROR com.example.logger.LogController - This is an ERROR level message.
2023-07-23 17:58:01.886 [8c82d2c4-d205-45c1-9523-99aad60e2b99] [http-nio-8081-exec-6] INFO  com.example.logger.LogController - This is an INFO level message.
2023-07-23 17:58:01.887 [8c82d2c4-d205-45c1-9523-99aad60e2b99] [http-nio-8081-exec-6] WARN  com.example.logger.LogController - This is a WARN level message.
2023-07-23 17:58:01.888 [8c82d2c4-d205-45c1-9523-99aad60e2b99] [http-nio-8081-exec-6] ERROR com.example.logger.LogController - This is an ERROR level message.
2023-07-23 17:58:02.066 [aa8c8261-ed29-4868-b319-4196dae6df35] [http-nio-8081-exec-7] INFO  com.example.logger.LogController - This is an INFO level message.
2023-07-23 17:58:02.067 [aa8c8261-ed29-4868-b319-4196dae6df35] [http-nio-8081-exec-7] WARN  com.example.logger.LogController - This is a WARN level message.
2023-07-23 17:58:02.067 [aa8c8261-ed29-4868-b319-4196dae6df35] [http-nio-8081-exec-7] ERROR com.example.logger.LogController - This is an ERROR level message.
2023-07-23 17:58:02.249 [5d473017-ce06-448f-87ef-208fab1ef4a8] [http-nio-8081-exec-8] INFO  com.example.logger.LogController - This is an INFO level message.
2023-07-23 17:58:02.250 [5d473017-ce06-448f-87ef-208fab1ef4a8] [http-nio-8081-exec-8] WARN  com.example.logger.LogController - This is a WARN level message.
2023-07-23 17:58:02.250 [5d473017-ce06-448f-87ef-208fab1ef4a8] [http-nio-8081-exec-8] ERROR com.example.logger.LogController - This is an ERROR level message.
2023-07-23 17:58:02.423 [fda85b65-f8e0-403f-b9b8-23832a2c823f] [http-nio-8081-exec-9] INFO  com.example.logger.LogController - This is an INFO level message.
2023-07-23 17:58:02.425 [fda85b65-f8e0-403f-b9b8-23832a2c823f] [http-nio-8081-exec-9] WARN  com.example.logger.LogController - This is a WARN level message.
2023-07-23 17:58:02.425 [fda85b65-f8e0-403f-b9b8-23832a2c823f] [http-nio-8081-exec-9] ERROR com.example.logger.LogController - This is an ERROR level message.
2023-07-23 17:58:02.618 [ea781856-5b00-403b-9442-2de140764a3c] [http-nio-8081-exec-2] INFO  com.example.logger.LogController - This is an INFO level message.
2023-07-23 17:58:02.618 [ea781856-5b00-403b-9442-2de140764a3c] [http-nio-8081-exec-2] WARN  com.example.logger.LogController - This is a WARN level message.
2023-07-23 17:58:02.618 [ea781856-5b00-403b-9442-2de140764a3c] [http-nio-8081-exec-2] ERROR com.example.logger.LogController - This is an ERROR level message.
2023-07-23 17:58:02.820 [82013028-1c6a-41c6-bf06-0547f3925479] [http-nio-8081-exec-1] INFO  com.example.logger.LogController - This is an INFO level message.
2023-07-23 17:58:02.821 [82013028-1c6a-41c6-bf06-0547f3925479] [http-nio-8081-exec-1] WARN  com.example.logger.LogController - This is a WARN level message.
2023-07-23 17:58:02.821 [82013028-1c6a-41c6-bf06-0547f3925479] [http-nio-8081-exec-1] ERROR com.example.logger.LogController - This is an ERROR level message.
2023-07-23 17:58:02.998 [bd36cfaa-7779-4849-a31b-98735a51cca2] [http-nio-8081-exec-3] INFO  com.example.logger.LogController - This is an INFO level message.
2023-07-23 17:58:02.998 [bd36cfaa-7779-4849-a31b-98735a51cca2] [http-nio-8081-exec-3] WARN  com.example.logger.LogController - This is a WARN level message.
2023-07-23 17:58:02.998 [bd36cfaa-7779-4849-a31b-98735a51cca2] [http-nio-8081-exec-3] ERROR com.example.logger.LogController - This is an ERROR level message.
2023-07-23 17:58:03.176 [b9eb9bd6-d881-4b2f-a901-02e184613f2b] [http-nio-8081-exec-5] INFO  com.example.logger.LogController - This is an INFO level message.
2023-07-23 17:58:03.176 [b9eb9bd6-d881-4b2f-a901-02e184613f2b] [http-nio-8081-exec-5] WARN  com.example.logger.LogController - This is a WARN level message.
2023-07-23 17:58:03.177 [b9eb9bd6-d881-4b2f-a901-02e184613f2b] [http-nio-8081-exec-5] ERROR com.example.logger.LogController - This is an ERROR level message.
2023-07-23 17:58:03.352 [9185f491-53cf-4304-8293-5a8a311d89ca] [http-nio-8081-exec-4] INFO  com.example.logger.LogController - This is an INFO level message.
2023-07-23 17:58:03.353 [9185f491-53cf-4304-8293-5a8a311d89ca] [http-nio-8081-exec-4] WARN  com.example.logger.LogController - This is a WARN level message.
2023-07-23 17:58:03.353 [9185f491-53cf-4304-8293-5a8a311d89ca] [http-nio-8081-exec-4] ERROR com.example.logger.LogController - This is an ERROR level message.
2023-07-23 17:58:03.523 [6bf815f4-7152-4ca8-be5d-0c369609a6cf] [http-nio-8081-exec-10] INFO  com.example.logger.LogController - This is an INFO level message.
2023-07-23 17:58:03.523 [6bf815f4-7152-4ca8-be5d-0c369609a6cf] [http-nio-8081-exec-10] WARN  com.example.logger.LogController - This is a WARN level message.
2023-07-23 17:58:03.525 [6bf815f4-7152-4ca8-be5d-0c369609a6cf] [http-nio-8081-exec-10] ERROR com.example.logger.LogController - This is an ERROR level message.
2023-07-23 17:58:03.711 [50625e81-62e7-44d4-b19a-7f02962d198f] [http-nio-8081-exec-6] INFO  com.example.logger.LogController - This is an INFO level message.
2023-07-23 17:58:03.712 [50625e81-62e7-44d4-b19a-7f02962d198f] [http-nio-8081-exec-6] WARN  com.example.logger.LogController - This is a WARN level message.
2023-07-23 17:58:03.712 [50625e81-62e7-44d4-b19a-7f02962d198f] [http-nio-8081-exec-6] ERROR com.example.logger.LogController - This is an ERROR level message.
2023-07-23 17:58:03.897 [c0eaf419-c78e-417d-ae19-e7301fbbe83d] [http-nio-8081-exec-7] INFO  com.example.logger.LogController - This is an INFO level message.
2023-07-23 17:58:03.898 [c0eaf419-c78e-417d-ae19-e7301fbbe83d] [http-nio-8081-exec-7] WARN  com.example.logger.LogController - This is a WARN level message.
2023-07-23 17:58:03.898 [c0eaf419-c78e-417d-ae19-e7301fbbe83d] [http-nio-8081-exec-7] ERROR com.example.logger.LogController - This is an ERROR level message.
2023-07-23 17:58:04.074 [e7e0781a-eb5b-44bf-9173-e9f5f46b4b8b] [http-nio-8081-exec-8] INFO  com.example.logger.LogController - This is an INFO level message.
2023-07-23 17:58:04.075 [e7e0781a-eb5b-44bf-9173-e9f5f46b4b8b] [http-nio-8081-exec-8] WARN  com.example.logger.LogController - This is a WARN level message.
2023-07-23 17:58:04.075 [e7e0781a-eb5b-44bf-9173-e9f5f46b4b8b] [http-nio-8081-exec-8] ERROR com.example.logger.LogController - This is an ERROR level message.
2023-07-23 17:58:04.250 [43657352-8d27-4a65-bc86-bbb89f932f42] [http-nio-8081-exec-9] INFO  com.example.logger.LogController - This is an INFO level message.
2023-07-23 17:58:04.250 [43657352-8d27-4a65-bc86-bbb89f932f42] [http-nio-8081-exec-9] WARN  com.example.logger.LogController - This is a WARN level message.
2023-07-23 17:58:04.250 [43657352-8d27-4a65-bc86-bbb89f932f42] [http-nio-8081-exec-9] ERROR com.example.logger.LogController - This is an ERROR level message.
2023-07-23 17:58:04.439 [f27e98f9-5412-40cd-a9bf-7cc40aa1fe44] [http-nio-8081-exec-2] INFO  com.example.logger.LogController - This is an INFO level message.
2023-07-23 17:58:04.439 [f27e98f9-5412-40cd-a9bf-7cc40aa1fe44] [http-nio-8081-exec-2] WARN  com.example.logger.LogController - This is a WARN level message.
2023-07-23 17:58:04.440 [f27e98f9-5412-40cd-a9bf-7cc40aa1fe44] [http-nio-8081-exec-2] ERROR com.example.logger.LogController - This is an ERROR level message.
2023-07-23 17:58:04.611 [421983d9-bcc1-4bba-96dd-c1e267b63319] [http-nio-8081-exec-1] INFO  com.example.logger.LogController - This is an INFO level message.
2023-07-23 17:58:04.611 [421983d9-bcc1-4bba-96dd-c1e267b63319] [http-nio-8081-exec-1] WARN  com.example.logger.LogController - This is a WARN level message.
2023-07-23 17:58:04.612 [421983d9-bcc1-4bba-96dd-c1e267b63319] [http-nio-8081-exec-1] ERROR com.example.logger.LogController - This is an ERROR level message.
2023-07-23 17:58:04.790 [26f49cda-0412-45e1-bae5-b8d9d155f09c] [http-nio-8081-exec-3] INFO  com.example.logger.LogController - This is an INFO level message.
2023-07-23 17:58:04.790 [26f49cda-0412-45e1-bae5-b8d9d155f09c] [http-nio-8081-exec-3] WARN  com.example.logger.LogController - This is a WARN level message.
2023-07-23 17:58:04.792 [26f49cda-0412-45e1-bae5-b8d9d155f09c] [http-nio-8081-exec-3] ERROR com.example.logger.LogController - This is an ERROR level message.
2023-07-23 17:58:04.973 [843a6cc9-d981-4ceb-a368-f7849bb7d6fb] [http-nio-8081-exec-5] INFO  com.example.logger.LogController - This is an INFO level message.
2023-07-23 17:58:04.973 [843a6cc9-d981-4ceb-a368-f7849bb7d6fb] [http-nio-8081-exec-5] WARN  com.example.logger.LogController - This is a WARN level message.
2023-07-23 17:58:04.973 [843a6cc9-d981-4ceb-a368-f7849bb7d6fb] [http-nio-8081-exec-5] ERROR com.example.logger.LogController - This is an ERROR level message.
2023-07-23 17:58:05.162 [3d48b465-5065-40dc-b5d0-b174e44e8374] [http-nio-8081-exec-4] INFO  com.example.logger.LogController - This is an INFO level message.
2023-07-23 17:58:05.163 [3d48b465-5065-40dc-b5d0-b174e44e8374] [http-nio-8081-exec-4] WARN  com.example.logger.LogController - This is a WARN level message.
2023-07-23 17:58:05.164 [3d48b465-5065-40dc-b5d0-b174e44e8374] [http-nio-8081-exec-4] ERROR com.example.logger.LogController - This is an ERROR level message.
2023-07-23 17:58:05.340 [4f6a3632-c751-40d1-856d-2a39437721d0] [http-nio-8081-exec-10] INFO  com.example.logger.LogController - This is an INFO level message.
2023-07-23 17:58:05.341 [4f6a3632-c751-40d1-856d-2a39437721d0] [http-nio-8081-exec-10] WARN  com.example.logger.LogController - This is a WARN level message.
2023-07-23 17:58:05.341 [4f6a3632-c751-40d1-856d-2a39437721d0] [http-nio-8081-exec-10] ERROR com.example.logger.LogController - This is an ERROR level message.
2023-07-23 17:58:05.516 [f4f340b0-fc6c-46a3-b74c-b17479f7af44] [http-nio-8081-exec-6] INFO  com.example.logger.LogController - This is an INFO level message.
2023-07-23 17:58:05.517 [f4f340b0-fc6c-46a3-b74c-b17479f7af44] [http-nio-8081-exec-6] WARN  com.example.logger.LogController - This is a WARN level message.
2023-07-23 17:58:05.517 [f4f340b0-fc6c-46a3-b74c-b17479f7af44] [http-nio-8081-exec-6] ERROR com.example.logger.LogController - This is an ERROR level message.
2023-07-23 17:58:05.691 [cadea0b9-3566-4676-84ae-64f52acbf4bb] [http-nio-8081-exec-7] INFO  com.example.logger.LogController - This is an INFO level message.
2023-07-23 17:58:05.692 [cadea0b9-3566-4676-84ae-64f52acbf4bb] [http-nio-8081-exec-7] WARN  com.example.logger.LogController - This is a WARN level message.
2023-07-23 17:58:05.693 [cadea0b9-3566-4676-84ae-64f52acbf4bb] [http-nio-8081-exec-7] ERROR com.example.logger.LogController - This is an ERROR level message.
2023-07-23 17:58:05.868 [0a9b5a22-ae31-4c3c-ad0b-25f8d92876fd] [http-nio-8081-exec-8] INFO  com.example.logger.LogController - This is an INFO level message.
2023-07-23 17:58:05.869 [0a9b5a22-ae31-4c3c-ad0b-25f8d92876fd] [http-nio-8081-exec-8] WARN  com.example.logger.LogController - This is a WARN level message.
2023-07-23 17:58:05.869 [0a9b5a22-ae31-4c3c-ad0b-25f8d92876fd] [http-nio-8081-exec-8] ERROR com.example.logger.LogController - This is an ERROR level message.
2023-07-23 17:58:06.057 [edd6c9d9-2977-441a-9172-56dc46992e16] [http-nio-8081-exec-9] INFO  com.example.logger.LogController - This is an INFO level message.
2023-07-23 17:58:06.057 [edd6c9d9-2977-441a-9172-56dc46992e16] [http-nio-8081-exec-9] WARN  com.example.logger.LogController - This is a WARN level message.
2023-07-23 17:58:06.057 [edd6c9d9-2977-441a-9172-56dc46992e16] [http-nio-8081-exec-9] ERROR com.example.logger.LogController - This is an ERROR level message.
2023-07-23 17:58:06.213 [620c6936-96ad-4258-aca5-5d8aa4342fa7] [http-nio-8081-exec-2] INFO  com.example.logger.LogController - This is an INFO level message.
2023-07-23 17:58:06.213 [620c6936-96ad-4258-aca5-5d8aa4342fa7] [http-nio-8081-exec-2] WARN  com.example.logger.LogController - This is a WARN level message.
2023-07-23 17:58:06.214 [620c6936-96ad-4258-aca5-5d8aa4342fa7] [http-nio-8081-exec-2] ERROR com.example.logger.LogController - This is an ERROR level message.
